  Wed Apr 14 2021  0:18                                                                                                    Page 1


                                               ***************************************
                                               **      WDC 65C816 Macro Assembler   **
                                               **                                   **
                                               **     Version 3.49.1- Feb  6 2006    **
                                               ***************************************

     1                        TileMap SECTION offset $90000
     2                        
     3                        	XDEF ~~TILE_MAP_0
     4                        ~~TILE_MAP_0:
     5 09:0000: 01 01 01 01  	INSERT ressource/Map/HL_V2_Tile_map_layer_0.map
       09:0004: 01 01 01 01 
       09:0008: 01 01 01 01 
       09:000C: 01 01 01 01 
       09:0010: 01 01 01 01 
       09:0014: 01 01 01 01 
       09:0018: 01 01 01 01 
       09:001C: 01 01 01 01 
       09:0020: 01 01 01 01 
       09:0024: 01 01 01 01 
       09:0028: 01 01 01 01 
       09:002C: 01 01 01 01 
       09:0030: 01 01 01 01 
       09:0034: 01 01 01 01 
       09:0038: 01 01 01 01 
       09:003C: 01 01 01 01 
       09:0040: 01 00 00 00 
       09:0044: 00 00 00 00 
       09:0048: 00 00 00 00 
       09:004C: 00 00 00 00 
       09:0050: 00 00 00 00 
       09:0054: 00 00 00 00 
       09:0058: 00 00 00 00 
       09:005C: 00 00 00 00 
       09:0060: 00 00 00 00 
       09:0064: 00 00 00 00 
       09:0068: 00 00 00 00 
       09:006C: 00 00 00 00 
       09:0070: 00 00 00 00 
       09:0074: 00 00 00 00 
       09:0078: 00 00 00 00 
       09:007C: 00 00 00 01 
     6                        	XDEF ~~TILE_MAP_1
     7                        ~~TILE_MAP_1:
     8 09:1000: 00 00 00 00  	INSERT ressource/Map/HL_V2_Tile_map_layer_1.map
       09:1004: 00 00 00 00 
       09:1008: 00 00 00 00 
       09:100C: 00 00 00 00 
       09:1010: 00 00 00 00 
       09:1014: 00 00 00 00 
       09:1018: 00 00 00 00 
       09:101C: 00 00 00 00 
       09:1020: 00 00 00 00 
       09:1024: 00 00 00 00 
       09:1028: 00 00 00 00 
       09:102C: 00 00 00 00 
       09:1030: 00 00 00 00 
       09:1034: 00 00 00 00 
  Wed Apr 14 2021  0:18                                                                                                    Page 2


       09:1038: 00 00 00 00 
       09:103C: 00 00 00 00 
       09:1040: 00 00 00 00 
       09:1044: 00 00 00 00 
       09:1048: 00 00 00 00 
       09:104C: 00 00 00 00 
       09:1050: 00 00 00 00 
       09:1054: 00 00 00 00 
       09:1058: 00 00 00 00 
       09:105C: 00 00 00 00 
       09:1060: 00 00 00 00 
       09:1064: 00 00 00 00 
       09:1068: 00 00 00 00 
       09:106C: 00 00 00 00 
       09:1070: 00 00 00 00 
       09:1074: 00 00 00 00 
       09:1078: 00 00 00 00 
       09:107C: 00 00 00 00 
     9                        	XDEF ~~TILE_MAP_2
    10                        ~~TILE_MAP_2:
    11 09:2000: 00 00 00 00  	INSERT ressource/Map/HL_V2_Tile_map_layer_2.map
       09:2004: 00 00 00 00 
       09:2008: 00 00 00 00 
       09:200C: 00 00 00 00 
       09:2010: 00 00 00 00 
       09:2014: 00 00 00 00 
       09:2018: 00 00 00 00 
       09:201C: 00 00 00 00 
       09:2020: 00 00 00 00 
       09:2024: 00 00 00 00 
       09:2028: 00 00 00 00 
       09:202C: 00 00 00 00 
       09:2030: 00 00 00 00 
       09:2034: 00 00 00 00 
       09:2038: 00 00 00 00 
       09:203C: 00 00 00 00 
       09:2040: 00 00 00 00 
       09:2044: 00 00 00 00 
       09:2048: 00 00 00 00 
       09:204C: 00 00 00 00 
       09:2050: 00 00 00 00 
       09:2054: 00 00 00 00 
       09:2058: 00 00 00 00 
       09:205C: 00 00 00 00 
       09:2060: 00 00 00 00 
       09:2064: 00 00 00 00 
       09:2068: 00 00 00 00 
       09:206C: 00 00 00 00 
       09:2070: 00 00 00 00 
       09:2074: 00 00 00 00 
       09:2078: 00 00 00 00 
       09:207C: 00 00 00 00 
    12                        
    13                        	XDEF ~~TILE_MAP_PIXEL
    14                        ~~TILE_MAP_PIXEL:
    15 09:3000: 00 00 00 00  	INSERT ressource/Map/HL_V2_tile_shifted_256.data
       09:3004: 00 00 00 00 
       09:3008: 00 00 00 00 
  Wed Apr 14 2021  0:18                                                                                                    Page 3


       09:300C: 00 00 00 00 
       09:3010: 91 91 70 91 
       09:3014: D5 D5 D5 91 
       09:3018: 91 70 B5 70 
       09:301C: 70 70 70 91 
       09:3020: 70 70 D5 70 
       09:3024: B5 D5 D5 91 
       09:3028: 70 70 70 70 
       09:302C: 70 D5 D5 D5 
       09:3030: 70 70 70 70 
       09:3034: 91 B5 70 70 
       09:3038: 70 70 70 70 
       09:303C: 70 70 70 70 
       09:3040: 70 70 40 40 
       09:3044: 40 40 40 7E 
       09:3048: 5F 40 5F 7E 
       09:304C: AA 40 40 7E 
       09:3050: 5F 40 5F 7E 
       09:3054: AA 40 40 40 
       09:3058: 40 40 40 40 
       09:305C: 40 40 40 70 
       09:3060: 4B 4B 4B 4B 
       09:3064: 4B 4B 4B 4B 
       09:3068: 4B 4B 4B 4B 
       09:306C: 4B 4B 4B 4B 
       09:3070: 4B 4B 4B 4B 
       09:3074: 4B 4B 4B 4B 
       09:3078: 4B 4B 4B 4B 
       09:307C: 4B 4B 4B 4B 
    16                        	XDEF ~~TILE_MAP_PALETTE
    17                        ~~TILE_MAP_PALETTE:
    18 09:E000: 00 01 00 00  	INSERT ressource/Map/HL_V2_tile_shifted_256.data.pal
       09:E004: 02 06 03 00 
       09:E008: 01 0A 00 00 
       09:E00C: 0D 07 0D 00 
       09:E010: 04 0A 08 00 
       09:E014: 08 12 09 00 
       09:E018: 00 14 08 00 
       09:E01C: 02 19 06 00 
       09:E020: 08 0E 28 00 
       09:E024: 02 1D 06 00 
       09:E028: 00 00 6A 00 
       09:E02C: 02 17 20 00 
       09:E030: 07 1B 13 00 
       09:E034: 1C 18 1A 00 
       09:E038: 02 20 0F 00 
       09:E03C: 05 23 0A 00 
       09:E040: 22 1E 15 00 
       09:E044: 01 22 1D 00 
       09:E048: 06 28 0F 00 
       09:E04C: 1C 1C 30 00 
       09:E050: 08 2A 09 00 
       09:E054: 61 0F 50 00 
       09:E058: 30 26 1D 00 
       09:E05C: 0E 2B 1A 00 
       09:E060: 00 2A 22 00 
       09:E064: 04 30 0E 00 
       09:E068: 1C 2A 1B 00 
  Wed Apr 14 2021  0:18                                                                                                    Page 4


       09:E06C: 60 0C 6A 00 
       09:E070: 34 2D 0D 00 
       09:E074: 07 2F 18 00 
       09:E078: 25 2A 25 00 
       09:E07C: 00 37 09 00 
    19                        	
    20                        PNJ SECTION offset $A0000
    21                        	XDEF ~~PNJ_CONTRACT_SPIRT_PIXEL
    22                        ~~PNJ_CONTRACT_SPIRT_PIXEL:
    23 0A:0000: 00 00 00 00  	INSERT ressource/Pnj/Chaos_engine_spr_256.data
       0A:0004: 00 00 00 00 
       0A:0008: 00 00 00 00 
       0A:000C: 00 00 00 00 
       0A:0010: 00 00 00 00 
       0A:0014: 00 00 00 00 
       0A:0018: 00 00 00 00 
       0A:001C: 00 00 00 00 
       0A:0020: 00 00 00 00 
       0A:0024: 00 00 00 00 
       0A:0028: 00 00 00 00 
       0A:002C: 00 00 00 12 
       0A:0030: 00 00 00 00 
       0A:0034: 5B FD FD FD 
       0A:0038: FD FD FD 5B 
       0A:003C: 5B 00 00 00 
       0A:0040: 00 00 00 00 
       0A:0044: 00 00 00 00 
       0A:0048: 00 00 00 00 
       0A:004C: 00 00 00 00 
       0A:0050: 00 00 00 00 
       0A:0054: 00 00 00 00 
       0A:0058: 00 00 00 00 
       0A:005C: 00 00 00 00 
       0A:0060: 00 00 00 00 
       0A:0064: 00 00 00 00 
       0A:0068: 00 00 00 00 
       0A:006C: 00 00 00 00 
       0A:0070: 00 00 00 00 
       0A:0074: 00 00 00 00 
       0A:0078: 00 00 00 00 
       0A:007C: 00 00 00 00 
    24                        	XDEF ~~PNJ_CONTRACT_SPIRT_PALETTE
    25                        ~~PNJ_CONTRACT_SPIRT_PALETTE:
    26 0A:C000: 00 00 00 00  	INSERT ressource/Pnj/Chaos_engine_spr_256.data.pal
       0A:C004: 00 00 80 00 
       0A:C008: 00 80 00 00 
       0A:C00C: 00 80 80 00 
       0A:C010: 80 00 00 00 
       0A:C014: 80 00 80 00 
       0A:C018: 80 80 00 00 
       0A:C01C: C0 C0 C0 00 
       0A:C020: C0 DC C0 00 
       0A:C024: F0 CA A6 00 
       0A:C028: 00 20 40 00 
       0A:C02C: 00 20 60 00 
       0A:C030: 00 20 80 00 
       0A:C034: 00 20 A0 00 
       0A:C038: 00 20 C0 00 
  Wed Apr 14 2021  0:18                                                                                                    Page 5


       0A:C03C: 00 20 E0 00 
       0A:C040: 00 40 00 00 
       0A:C044: 00 40 20 00 
       0A:C048: 00 40 40 00 
       0A:C04C: 00 40 60 00 
       0A:C050: 00 40 80 00 
       0A:C054: 00 40 A0 00 
       0A:C058: 00 40 C0 00 
       0A:C05C: 00 40 E0 00 
       0A:C060: 00 60 00 00 
       0A:C064: 00 60 20 00 
       0A:C068: 00 60 40 00 
       0A:C06C: 00 60 60 00 
       0A:C070: 00 60 80 00 
       0A:C074: 00 60 A0 00 
       0A:C078: 00 60 C0 00 
       0A:C07C: 00 60 E0 00 


      Lines assembled: 26
      Errors: 0
